2024-06-15T07:23:31.283Z ["error"] {"message":"Authorization failure!"} (Error Path: /conversation/666455c92f5bc603ff88bb08)
2024-06-15T07:05:10.463Z ["error"] {"message":"Authorization failure!"} (Error Path: /chat)
2024-06-15T06:13:57.182Z ["error"] {"message":"Authorization failure!"} (Error Path: /chat)
2024-06-15T06:07:36.984Z ["error"] {"message":"Authorization failure!"} (Error Path: /user)
2024-06-14T14:58:50.976Z ["error"] {"message":"Authorization failure!"} (Error Path: /user/profile)
2024-06-13T19:12:53.542Z ["error"] {"message":"Authorization failure!"} (Error Path: /chat)
2024-06-13T17:16:41.324Z ["error"] {"message":"current password is invalid"} (Error Path: /auth/change-password)
2024-06-13T17:16:41.323Z ["error"] {"message":"current password is invalid"} (Error Path: /auth/change-password)
2024-06-13T17:15:23.824Z ["error"] {"message":"current password is invalid"} (Error Path: /auth/change-password)
2024-06-13T17:15:23.822Z ["error"] {"message":"current password is invalid"} (Error Path: /auth/change-password)
2024-06-13T17:15:04.962Z ["error"] {"message":"current password is invalid"} (Error Path: /auth/change-password)
2024-06-13T17:15:04.960Z ["error"] {"message":"current password is invalid"} (Error Path: /auth/change-password)
2024-06-13T17:14:58.351Z ["error"] {"message":"current password is invalid"} (Error Path: /auth/change-password)
2024-06-13T17:14:58.349Z ["error"] {"message":"current password is invalid"} (Error Path: /auth/change-password)
2024-06-13T17:13:57.738Z ["error"] {"message":"current password is invalid"} (Error Path: /auth/change-password)
2024-06-13T17:13:57.737Z ["error"] {"message":"current password is invalid"} (Error Path: /auth/change-password)
2024-06-13T17:12:21.734Z ["error"] {"message":"current password is invalid"} (Error Path: /auth/change-password)
2024-06-13T17:12:21.733Z ["error"] {"message":"current password is invalid"} (Error Path: /auth/change-password)
2024-06-13T17:11:09.825Z ["error"] {"message":"current password is invalid"} (Error Path: /auth/change-password)
2024-06-13T17:11:09.823Z ["error"] {"message":"current password is invalid"} (Error Path: /auth/change-password)
2024-06-13T17:02:52.374Z ["error"] {"message":"Authorization failure!"} (Error Path: /auth/sign-in)
2024-06-13T17:02:52.373Z ["error"] {"message":"Authorization failure!"} (Error Path: /auth/sign-in)
2024-06-13T17:02:47.971Z ["error"] {"message":"Authorization failure!"} (Error Path: /auth/sign-in)
2024-06-13T17:02:47.970Z ["error"] {"message":"Authorization failure!"} (Error Path: /auth/sign-in)
2024-06-13T17:02:00.137Z ["error"] {"message":"Authorization failure!"} (Error Path: /auth/sign-in)
2024-06-13T17:02:00.136Z ["error"] {"message":"Authorization failure!"} (Error Path: /auth/sign-in)
2024-06-13T17:01:51.893Z ["error"] {"message":"Authorization failure!"} (Error Path: /auth/sign-in)
2024-06-13T17:01:51.892Z ["error"] {"message":"Authorization failure!"} (Error Path: /auth/sign-in)
2024-06-13T16:58:27.605Z ["error"] {"message":"User not found"} (Error Path: /auth/verify-otp)
2024-06-13T16:58:27.603Z ["error"] {"message":"User not found"} (Error Path: /auth/verify-otp)
2024-06-13T16:57:00.436Z ["error"] {"message":"User not found"} (Error Path: /auth/verify-otp)
2024-06-13T16:57:00.432Z ["error"] {"message":"User not found"} (Error Path: /auth/verify-otp)
2024-06-13T16:56:21.746Z ["error"] {"message":"User not found"} (Error Path: /auth/verify-otp)
2024-06-13T16:56:21.745Z ["error"] {"message":"User not found"} (Error Path: /auth/verify-otp)
2024-06-13T16:54:41.807Z ["error"] {"message":"User not found"} (Error Path: /auth/verify-otp)
2024-06-13T16:54:41.804Z ["error"] {"message":"User not found"} (Error Path: /auth/verify-otp)
2024-06-13T16:54:26.912Z ["error"] {"message":"User not found"} (Error Path: /auth/verify-otp)
2024-06-13T16:54:26.911Z ["error"] {"message":"User not found"} (Error Path: /auth/verify-otp)
2024-06-13T16:53:30.060Z ["error"] {"message":"Authorization failure!"} (Error Path: /auth/sign-in)
2024-06-13T16:53:30.059Z ["error"] {"message":"Authorization failure!"} (Error Path: /auth/sign-in)
2024-06-13T16:52:52.612Z ["error"] {"message":"Authorization failure!"} (Error Path: /auth/sign-in)
2024-06-13T16:52:52.610Z ["error"] {"message":"Authorization failure!"} (Error Path: /auth/sign-in)
2024-06-13T16:52:38.171Z ["error"] {"message":"Authorization failure!"} (Error Path: /auth/sign-in)
2024-06-13T16:52:38.170Z ["error"] {"message":"Authorization failure!"} (Error Path: /auth/sign-in)
2024-06-13T16:52:26.757Z ["error"] {"message":"Authorization failure!"} (Error Path: /auth/sign-in)
2024-06-13T16:52:26.755Z ["error"] {"message":"Authorization failure!"} (Error Path: /auth/sign-in)
2024-06-13T16:44:58.328Z ["error"] {"name":"TokenExpiredError","message":"jwt expired","expiredAt":"2024-06-13T16:44:42.000Z"} (Error Path: /auth/reset-password)
2024-06-13T16:44:03.175Z ["error"] {} (Error Path: /auth/reset-password)
2024-06-13T16:42:55.049Z ["error"] {} (Error Path: /auth/reset-password)
2024-06-13T16:40:56.302Z ["error"] {} (Error Path: /auth/reset-password)
2024-06-13T16:40:23.219Z ["error"] {} (Error Path: /auth/reset-password)
2024-06-13T16:39:33.673Z ["error"] {} (Error Path: /auth/reset-password)
2024-06-13T16:38:51.894Z ["error"] {} (Error Path: /auth/reset-password)
2024-06-13T16:37:24.699Z ["error"] {} (Error Path: /auth/reset-password)
2024-06-13T16:36:41.447Z ["error"] {} (Error Path: /auth/reset-password)
2024-06-13T16:17:21.630Z ["error"] {"message":"User not found"} (Error Path: /auth/sign-in)
2024-06-13T16:17:21.628Z ["error"] {"message":"User not found"} (Error Path: /auth/sign-in)
2024-06-13T16:07:32.927Z ["error"] {"message":"User not found"} (Error Path: /auth/send-otp)
2024-06-13T16:07:32.926Z ["error"] {"message":"User not found"} (Error Path: /auth/send-otp)
2024-06-13T16:06:41.060Z ["error"] {"message":"User not found"} (Error Path: /auth/send-otp)
2024-06-13T16:06:41.046Z ["error"] {"message":"User not found"} (Error Path: /auth/send-otp)
2024-06-08T17:04:15.709Z ["error"] {"message":"Authorization failure!"} (Error Path: /chat)
2024-06-08T16:44:33.771Z ["error"] {"message":"Authorization failure!"} (Error Path: /user/profile)
2024-06-08T16:44:30.571Z ["error"] {"message":"Authorization failure!"} (Error Path: /user/profile)
2024-06-08T16:43:56.727Z ["error"] {"message":"Authorization failure!"} (Error Path: /user/profile)
2024-06-08T16:43:24.506Z ["error"] {"message":"_id is invalid"} (Error Path: /user/profile)
2024-06-08T16:43:24.503Z ["error"] {"message":"_id is invalid"} (Error Path: /user/profile)
2024-06-08T16:42:58.365Z ["error"] {"message":"_id is invalid"} (Error Path: /user/profile)
2024-06-08T16:42:58.365Z ["error"] {"message":"_id is invalid"} (Error Path: /user/profile)
2024-06-08T16:42:40.715Z ["error"] {"message":"_id is invalid"} (Error Path: /user/profile)
2024-06-08T16:42:40.714Z ["error"] {"message":"_id is invalid"} (Error Path: /user/profile)
2024-06-08T16:41:36.730Z ["error"] {"message":"_id is invalid"} (Error Path: /user/profile)
2024-06-08T16:41:36.728Z ["error"] {"message":"_id is invalid"} (Error Path: /user/profile)
2024-06-08T16:41:16.756Z ["error"] {"message":"_id is invalid"} (Error Path: /user/profile)
2024-06-08T16:41:16.754Z ["error"] {"message":"_id is invalid"} (Error Path: /user/profile)
2024-06-08T16:40:42.775Z ["error"] {"message":"_id is invalid"} (Error Path: /user/profile)
2024-06-08T16:40:42.774Z ["error"] {"message":"_id is invalid"} (Error Path: /user/profile)
2024-06-08T16:39:12.385Z ["error"] {"message":"_id is invalid"} (Error Path: /user/profile)
2024-06-08T16:39:12.382Z ["error"] {"message":"_id is invalid"} (Error Path: /user/profile)
2024-06-08T16:38:25.306Z ["error"] {"message":"_id is invalid"} (Error Path: /user/profile)
2024-06-08T16:38:25.304Z ["error"] {"message":"_id is invalid"} (Error Path: /user/profile)
2024-06-08T16:36:16.521Z ["error"] {"message":"_id is invalid"} (Error Path: /user/profile)
2024-06-08T16:36:16.519Z ["error"] {"message":"_id is invalid"} (Error Path: /user/profile)
2024-06-08T16:02:55.190Z ["error"] {"message":"Authorization failure!"} (Error Path: /chat)
2024-06-08T14:29:37.011Z ["error"] {} (Error Path: socket)
2024-06-08T14:28:32.444Z ["error"] {} (Error Path: socket)
2024-06-08T14:27:10.397Z ["error"] {} (Error Path: socket)
2024-06-08T14:26:48.244Z ["error"] {} (Error Path: socket)
2024-06-08T14:10:06.745Z ["error"] {"message":"Authorization failure!"} (Error Path: /conversation/666455c92f5bc603ff88bb08)
2024-06-08T14:08:00.820Z ["error"] {"message":"Authorization failure!"} (Error Path: /chat)
2024-06-08T13:29:24.762Z ["error"] {} (Error Path: /auth/sign-up)
2024-06-08T13:29:24.761Z ["error"] {} (Error Path: /auth/sign-up)
2024-06-08T13:28:15.162Z ["error"] {} (Error Path: /auth/sign-up)
2024-06-08T13:28:15.161Z ["error"] {} (Error Path: /auth/sign-up)
2024-06-08T13:11:12.489Z ["error"] {"message":"Authorization failure!"} (Error Path: /conversation/664ce3e4d638151bf6ba0fd7)
2024-06-08T12:54:17.193Z ["error"] {"message":"Authorization failure!"} (Error Path: /chat)
2024-06-08T12:52:20.228Z ["error"] {"message":"Authorization failure!"} (Error Path: /chat)
2024-06-08T12:50:11.041Z ["error"] {"message":"User not found"} (Error Path: /auth/sign-in)
2024-06-08T12:50:11.039Z ["error"] {"message":"User not found"} (Error Path: /auth/sign-in)
2024-06-08T12:49:59.247Z ["error"] {"message":"Authorization failure!"} (Error Path: /chat)
2024-06-08T12:36:08.130Z ["error"] {"message":"Authorization failure!"} (Error Path: /auth/sign-in)
2024-06-04T20:05:42.629Z ["error"] {"message":"Authorization failure!"} (Error Path: /auth/sign-in)
2024-06-04T20:03:20.409Z ["error"] {"message":"Authorization failure!"} (Error Path: /auth/sign-in)
2024-06-04T20:01:33.317Z ["error"] {"message":"Authorization failure!"} (Error Path: /auth/sign-in)
2024-06-04T20:00:55.864Z ["error"] {"message":"Authorization failure!"} (Error Path: /auth/sign-in)
2024-06-04T20:00:07.863Z ["error"] {"message":"Authorization failure!"} (Error Path: /auth/sign-in)
2024-06-04T19:59:03.762Z ["error"] {"message":"Authorization failure!"} (Error Path: /auth/sign-in)
2024-06-04T19:16:14.038Z ["error"] {"message":"Authorization failure!"} (Error Path: /user/edit-profile)
2024-06-04T19:14:26.133Z ["error"] {"message":"Authorization failure!"} (Error Path: /auth/change-password)
2024-06-04T19:10:20.403Z ["error"] {} (Error Path: /auth/sign-in)
2024-06-04T19:10:20.401Z ["error"] {} (Error Path: /auth/sign-in)
2024-06-04T19:09:51.356Z ["error"] {} (Error Path: /auth/sign-in)
2024-06-04T19:09:51.350Z ["error"] {} (Error Path: /auth/sign-in)
2024-06-04T18:18:55.415Z ["error"] {"message":"current password is invalid"} (Error Path: /auth/change-password)
2024-06-04T18:18:55.414Z ["error"] {"message":"current password is invalid"} (Error Path: /auth/change-password)
2024-06-04T18:18:35.496Z ["error"] {"message":"Authorization failure!"} (Error Path: /auth/sign-in)
2024-06-04T18:18:35.493Z ["error"] {"message":"Authorization failure!"} (Error Path: /auth/sign-in)
2024-06-04T18:17:26.864Z ["error"] {} (Error Path: /auth/change-password)
2024-06-04T18:17:26.859Z ["error"] {} (Error Path: /auth/change-password)
2024-06-04T18:12:42.891Z ["error"] {"message":"current password is invalid"} (Error Path: /auth/change-password)
2024-06-04T18:12:42.888Z ["error"] {"message":"current password is invalid"} (Error Path: /auth/change-password)
2024-06-04T18:11:52.644Z ["error"] {} (Error Path: /auth/change-password)
2024-06-04T18:11:52.643Z ["error"] {} (Error Path: /auth/change-password)
2024-06-04T18:10:27.461Z ["error"] {"message":"User not found"} (Error Path: /auth/change-password)
2024-06-04T18:10:27.459Z ["error"] {"message":"User not found"} (Error Path: /auth/change-password)
2024-06-04T18:10:13.414Z ["error"] {"message":"Authorization failure!"} (Error Path: /auth/change-password)
2024-06-04T18:09:00.580Z ["error"] {} (Error Path: /auth/sign-in)
2024-06-04T18:09:00.576Z ["error"] {} (Error Path: /auth/sign-in)
2024-06-04T18:07:32.562Z ["error"] {} (Error Path: /auth/sign-in)
2024-06-04T18:07:32.557Z ["error"] {} (Error Path: /auth/sign-in)
2024-06-04T18:04:32.797Z ["error"] {} (Error Path: /auth/sign-in)
2024-06-04T18:04:32.791Z ["error"] {} (Error Path: /auth/sign-in)
2024-06-04T18:03:40.837Z ["error"] {"message":"User not found"} (Error Path: /auth/sign-in)
2024-06-04T18:03:40.832Z ["error"] {"message":"User not found"} (Error Path: /auth/sign-in)
2024-06-04T18:02:29.981Z ["error"] {"message":"User not found"} (Error Path: /auth/sign-in)
2024-06-04T18:02:29.976Z ["error"] {"message":"User not found"} (Error Path: /auth/sign-in)
2024-06-04T18:01:21.161Z ["error"] {} (Error Path: /user/edit-profile)
2024-06-04T18:01:21.154Z ["error"] {} (Error Path: /user/edit-profile)
2024-06-04T18:00:34.060Z ["error"] {} (Error Path: /user/edit-profile)
2024-06-04T18:00:34.059Z ["error"] {} (Error Path: /user/edit-profile)
2024-06-04T18:00:21.823Z ["error"] {"message":"Authorization failure!"} (Error Path: /user/edit-profile)
2024-06-04T18:00:02.886Z ["error"] {} (Error Path: /user/edit-profile)
2024-06-04T18:00:02.882Z ["error"] {} (Error Path: /user/edit-profile)
2024-06-04T17:58:51.655Z ["error"] {"message":"Authorization failure!"} (Error Path: /user/edit-profile)
2024-06-04T17:58:41.677Z ["error"] {"message":"Authorization failure!"} (Error Path: /user/edit-profile)
2024-06-04T17:57:08.466Z ["error"] {"message":"Authorization failure"} (Error Path: /user/edit-profile)
2024-06-04T17:55:13.677Z ["error"] {"message":"Authorization failure"} (Error Path: /user/edit-profile)
2024-06-04T17:54:08.195Z ["error"] {"message":"Authorization failure"} (Error Path: /user/edit-profile)
2024-06-04T17:53:51.556Z ["error"] {"message":"Authorization failure!"} (Error Path: /user/edit-profile)
2024-06-04T17:53:23.172Z ["error"] {"message":"Authorization failure!"} (Error Path: /user/edit-profile)
2024-06-04T17:51:59.141Z ["error"] {"message":"Authorization failure!"} (Error Path: /user/edit-profile)
2024-06-04T17:51:40.326Z ["error"] {"message":"Authorization failure!"} (Error Path: /user/edit-profile)
2024-06-04T17:51:20.286Z ["error"] {"message":"Authorization failure!"} (Error Path: /user/edit-profile)
2024-06-04T17:42:02.407Z ["error"] {"message":"User not found"} (Error Path: /auth/send-otp)
2024-06-04T17:42:02.404Z ["error"] {"message":"User not found"} (Error Path: /auth/send-otp)
2024-06-01T07:35:29.951Z ["error"] {"code":"EAUTH","command":"API"} (Error Path: /auth/sign-up)
2024-06-01T07:35:29.948Z ["error"] {"code":"EAUTH","command":"API"} (Error Path: /auth/sign-up)
2024-06-01T07:25:19.528Z ["error"] {"code":"EAUTH","command":"API"} (Error Path: /auth/sign-up)
2024-06-01T07:25:19.521Z ["error"] {"code":"EAUTH","command":"API"} (Error Path: /auth/sign-up)
2024-06-01T07:23:43.438Z ["error"] {"code":"EAUTH","command":"API"} (Error Path: /auth/sign-up)
2024-06-01T07:23:43.436Z ["error"] {"code":"EAUTH","command":"API"} (Error Path: /auth/sign-up)
2024-06-01T07:22:39.201Z ["error"] {"code":"EAUTH","command":"API"} (Error Path: /auth/sign-up)
2024-06-01T07:22:39.199Z ["error"] {"code":"EAUTH","command":"API"} (Error Path: /auth/sign-up)
2024-06-01T07:22:13.897Z ["error"] {"code":"EAUTH","command":"API"} (Error Path: /auth/sign-up)
2024-06-01T07:22:13.892Z ["error"] {"code":"EAUTH","command":"API"} (Error Path: /auth/sign-up)
2024-06-01T07:21:40.816Z ["error"] {"library":"SSL routines","reason":"wrong version number","code":"ESOCKET","command":"CONN"} (Error Path: /auth/sign-up)
2024-06-01T07:21:40.807Z ["error"] {"library":"SSL routines","reason":"wrong version number","code":"ESOCKET","command":"CONN"} (Error Path: /auth/sign-up)
2024-06-01T07:21:16.888Z ["error"] {"code":"EAUTH","command":"API"} (Error Path: /auth/sign-up)
2024-06-01T07:21:16.885Z ["error"] {"code":"EAUTH","command":"API"} (Error Path: /auth/sign-up)
2024-06-01T07:20:17.353Z ["error"] {"code":"EAUTH","command":"API"} (Error Path: /auth/sign-up)
2024-06-01T07:20:17.351Z ["error"] {"code":"EAUTH","command":"API"} (Error Path: /auth/sign-up)
2024-06-01T07:19:24.959Z ["error"] {"code":"EAUTH","command":"API"} (Error Path: /auth/sign-up)
2024-06-01T07:19:24.955Z ["error"] {"code":"EAUTH","command":"API"} (Error Path: /auth/sign-up)
2024-06-01T07:18:38.283Z ["error"] {"library":"SSL routines","reason":"wrong version number","code":"ESOCKET","command":"CONN"} (Error Path: /auth/sign-up)
2024-06-01T07:18:38.261Z ["error"] {"library":"SSL routines","reason":"wrong version number","code":"ESOCKET","command":"CONN"} (Error Path: /auth/sign-up)
2024-05-31T21:17:30.752Z ["error"] {"code":"EAUTH","command":"API"} (Error Path: /auth/sign-up)
2024-05-31T21:17:30.735Z ["error"] {"code":"EAUTH","command":"API"} (Error Path: /auth/sign-up)
2024-05-31T21:15:13.665Z ["error"] {"code":"EAUTH","command":"API"} (Error Path: /auth/sign-up)
2024-05-31T21:15:13.660Z ["error"] {"code":"EAUTH","command":"API"} (Error Path: /auth/sign-up)
2024-05-31T21:13:34.667Z ["error"] {"code":"EAUTH","command":"API"} (Error Path: /auth/sign-up)
2024-05-31T21:13:34.588Z ["error"] {"code":"EAUTH","command":"API"} (Error Path: /auth/sign-up)
2024-05-31T21:13:10.562Z ["error"] {"code":"EAUTH","command":"API"} (Error Path: /auth/sign-up)
2024-05-31T21:13:10.558Z ["error"] {"code":"EAUTH","command":"API"} (Error Path: /auth/sign-up)
2024-05-31T21:06:03.277Z ["error"] {"code":"EAUTH","command":"API"} (Error Path: /auth/sign-up)
2024-05-31T21:06:03.270Z ["error"] {"code":"EAUTH","command":"API"} (Error Path: /auth/sign-up)
2024-05-31T20:45:31.347Z ["error"] {} (Error Path: /auth/sign-in)
2024-05-31T20:45:31.342Z ["error"] {} (Error Path: /auth/sign-in)
2024-05-31T20:44:30.523Z ["error"] {} (Error Path: /auth/sign-in)
2024-05-31T20:44:30.520Z ["error"] {} (Error Path: /auth/sign-in)
2024-05-31T20:43:45.151Z ["error"] {"expose":true,"statusCode":403,"status":403} (Error Path: /auth/sign-in)
2024-05-31T20:43:45.146Z ["error"] {"expose":true,"statusCode":403,"status":403} (Error Path: /auth/sign-in)
2024-05-31T20:43:17.046Z ["error"] {"expose":true,"statusCode":403,"status":403} (Error Path: /auth/sign-in)
2024-05-31T20:43:17.034Z ["error"] {"expose":true,"statusCode":403,"status":403} (Error Path: /auth/sign-in)
2024-05-31T20:42:56.811Z ["error"] {"expose":true,"statusCode":403,"status":403} (Error Path: /auth/sign-in)
2024-05-31T20:42:56.802Z ["error"] {"expose":true,"statusCode":403,"status":403} (Error Path: /auth/sign-in)
2024-05-31T20:33:37.369Z ["error"] {"code":"EAUTH","command":"API"} (Error Path: /auth/sign-up)
2024-05-31T20:33:37.334Z ["error"] {"code":"EAUTH","command":"API"} (Error Path: /auth/sign-up)
2024-05-31T20:15:27.891Z ["error"] {} (Error Path: /auth/sign-up)
2024-05-31T20:15:27.857Z ["error"] {} (Error Path: /auth/sign-up)
2024-05-30T20:08:03.685Z ["error"] {} (Error Path: socket)
2024-05-30T20:04:34.853Z ["error"] {"message":"Authorization failure!"} (Error Path: /chat/6658da76ccd99c5751e692a8)
2024-05-30T20:04:20.668Z ["error"] {"message":"Authorization failure!"} (Error Path: /chat/6658da76ccd99c5751e692a8)
2024-05-30T20:02:57.382Z ["error"] {} (Error Path: socket)
2024-05-30T20:01:39.949Z ["error"] {} (Error Path: socket)
2024-05-30T20:00:10.707Z ["error"] {"message":"User not found"} (Error Path: /user/664263eb800bd06e8373ec86)
2024-05-30T20:00:10.706Z ["error"] {"message":"User not found"} (Error Path: /user/664263eb800bd06e8373ec86)
2024-05-30T19:59:04.237Z ["error"] {} (Error Path: socket)
2024-05-30T19:55:57.412Z ["error"] {} (Error Path: socket)
2024-05-30T19:55:04.297Z ["error"] {"message":"Authorization failure!"} (Error Path: /chat)
2024-05-30T19:53:30.878Z ["error"] {} (Error Path: socket)
2024-05-30T19:53:28.847Z ["error"] {} (Error Path: socket)
2024-05-30T19:53:00.322Z ["error"] {} (Error Path: socket)
2024-05-30T19:52:04.568Z ["error"] {} (Error Path: socket)
2024-05-30T19:51:32.022Z ["error"] {} (Error Path: socket)
2024-05-30T19:50:55.719Z ["error"] {} (Error Path: socket)
2024-05-30T19:49:13.101Z ["error"] {} (Error Path: socket)
2024-05-30T19:46:29.628Z ["error"] {} (Error Path: socket)
2024-05-30T19:40:11.157Z ["error"] {} (Error Path: socket)
2024-05-30T19:38:50.916Z ["error"] {} (Error Path: socket)
2024-05-25T21:03:23.435Z ["error"] {} (Error Path: socket)
2024-05-25T21:02:56.401Z ["error"] {} (Error Path: socket)
2024-05-25T21:01:43.365Z ["error"] {} (Error Path: socket)
2024-05-25T21:00:37.087Z ["error"] {} (Error Path: socket)
2024-05-25T20:59:32.303Z ["error"] {} (Error Path: socket)
2024-05-25T20:57:24.856Z ["error"] {} (Error Path: socket)
2024-05-25T20:56:08.582Z ["error"] {} (Error Path: socket)
2024-05-25T20:55:57.840Z ["error"] {} (Error Path: socket)
2024-05-25T20:55:55.654Z ["error"] {} (Error Path: socket)
2024-05-25T20:55:31.945Z ["error"] {} (Error Path: socket)
2024-05-25T20:54:07.513Z ["error"] {} (Error Path: socket)
2024-05-25T20:54:06.078Z ["error"] {} (Error Path: socket)
2024-05-25T20:53:49.378Z ["error"] {} (Error Path: socket)
2024-05-25T20:32:09.561Z ["error"] {} (Error Path: socket)
2024-05-25T20:32:09.337Z ["error"] {} (Error Path: socket)
2024-05-25T20:32:08.978Z ["error"] {} (Error Path: socket)
2024-05-25T20:32:08.684Z ["error"] {} (Error Path: socket)
2024-05-25T20:32:08.358Z ["error"] {} (Error Path: socket)
2024-05-25T20:32:06.726Z ["error"] {} (Error Path: socket)
2024-05-25T20:32:06.001Z ["error"] {} (Error Path: socket)
2024-05-25T20:32:03.734Z ["error"] {} (Error Path: socket)
2024-05-25T20:31:52.115Z ["error"] {} (Error Path: socket)
2024-05-25T20:29:31.040Z ["error"] {} (Error Path: socket)
2024-05-25T20:29:01.232Z ["error"] {} (Error Path: socket)
2024-05-25T20:28:48.515Z ["error"] {} (Error Path: socket)
2024-05-25T20:24:47.834Z ["error"] {} (Error Path: socket)
2024-05-25T20:24:39.548Z ["error"] {} (Error Path: socket)
2024-05-25T20:23:55.553Z ["error"] {} (Error Path: socket)
2024-05-21T20:56:29.491Z ["error"] {"errors":{"sender":{"stringValue":"\"664ce1eed63815g1f6ba0fd2\"","valueType":"string","kind":"ObjectId","value":"664ce1eed63815g1f6ba0fd2","path":"sender","reason":{},"name":"CastError","message":"Cast to ObjectId failed for value \"664ce1eed63815g1f6ba0fd2\" (type string) at path \"sender\" because of \"BSONError\""}},"_message":"Conversation validation failed","expose":false,"statusCode":500,"status":500,"name":"ValidationError","message":"Conversation validation failed: sender: Cast to ObjectId failed for value \"664ce1eed63815g1f6ba0fd2\" (type string) at path \"sender\" because of \"BSONError\""} (Error Path: socket)
2024-05-21T20:56:21.603Z ["error"] {"errors":{"sender":{"stringValue":"\"664ce1eed638151f6ba0fd2\"","valueType":"string","kind":"ObjectId","value":"664ce1eed638151f6ba0fd2","path":"sender","reason":{},"name":"CastError","message":"Cast to ObjectId failed for value \"664ce1eed638151f6ba0fd2\" (type string) at path \"sender\" because of \"BSONError\""}},"_message":"Conversation validation failed","expose":false,"statusCode":500,"status":500,"name":"ValidationError","message":"Conversation validation failed: sender: Cast to ObjectId failed for value \"664ce1eed638151f6ba0fd2\" (type string) at path \"sender\" because of \"BSONError\""} (Error Path: socket)
2024-05-21T20:56:16.586Z ["error"] {"errors":{"sender":{"stringValue":"\"664ce1eed638151f6ba0fd2\"","valueType":"string","kind":"ObjectId","value":"664ce1eed638151f6ba0fd2","path":"sender","reason":{},"name":"CastError","message":"Cast to ObjectId failed for value \"664ce1eed638151f6ba0fd2\" (type string) at path \"sender\" because of \"BSONError\""}},"_message":"Conversation validation failed","expose":false,"statusCode":500,"status":500,"name":"ValidationError","message":"Conversation validation failed: sender: Cast to ObjectId failed for value \"664ce1eed638151f6ba0fd2\" (type string) at path \"sender\" because of \"BSONError\""} (Error Path: socket)
2024-05-21T20:55:43.044Z ["error"] {"errors":{"sender":{"stringValue":"\"664ce1eed638151f6baffd2\"","valueType":"string","kind":"ObjectId","value":"664ce1eed638151f6baffd2","path":"sender","reason":{},"name":"CastError","message":"Cast to ObjectId failed for value \"664ce1eed638151f6baffd2\" (type string) at path \"sender\" because of \"BSONError\""}},"_message":"Conversation validation failed","expose":false,"statusCode":500,"status":500,"name":"ValidationError","message":"Conversation validation failed: sender: Cast to ObjectId failed for value \"664ce1eed638151f6baffd2\" (type string) at path \"sender\" because of \"BSONError\""} (Error Path: socket)
2024-05-21T20:55:33.825Z ["error"] {"errors":{"sender":{"stringValue":"\"664ce1eed638151f6bafd2\"","valueType":"string","kind":"ObjectId","value":"664ce1eed638151f6bafd2","path":"sender","reason":{},"name":"CastError","message":"Cast to ObjectId failed for value \"664ce1eed638151f6bafd2\" (type string) at path \"sender\" because of \"BSONError\""}},"_message":"Conversation validation failed","expose":false,"statusCode":500,"status":500,"name":"ValidationError","message":"Conversation validation failed: sender: Cast to ObjectId failed for value \"664ce1eed638151f6bafd2\" (type string) at path \"sender\" because of \"BSONError\""} (Error Path: socket)
2024-05-21T20:55:19.707Z ["error"] {"errors":{"sender":{"stringValue":"\"664ce1eed638151f6bafd2\"","valueType":"string","kind":"ObjectId","value":"664ce1eed638151f6bafd2","path":"sender","reason":{},"name":"CastError","message":"Cast to ObjectId failed for value \"664ce1eed638151f6bafd2\" (type string) at path \"sender\" because of \"BSONError\""}},"_message":"Conversation validation failed","expose":false,"statusCode":500,"status":500,"name":"ValidationError","message":"Conversation validation failed: sender: Cast to ObjectId failed for value \"664ce1eed638151f6bafd2\" (type string) at path \"sender\" because of \"BSONError\""} (Error Path: socket)
2024-05-21T20:55:15.500Z ["error"] {"errors":{"sender":{"stringValue":"\"664ce1eed638151f6bafd2\"","valueType":"string","kind":"ObjectId","value":"664ce1eed638151f6bafd2","path":"sender","reason":{},"name":"CastError","message":"Cast to ObjectId failed for value \"664ce1eed638151f6bafd2\" (type string) at path \"sender\" because of \"BSONError\""}},"_message":"Conversation validation failed","expose":false,"statusCode":500,"status":500,"name":"ValidationError","message":"Conversation validation failed: sender: Cast to ObjectId failed for value \"664ce1eed638151f6bafd2\" (type string) at path \"sender\" because of \"BSONError\""} (Error Path: socket)
2024-05-21T20:55:02.892Z ["error"] {"errors":{"sender":{"stringValue":"\"664ce1eed638151f6ba0fd2\"","valueType":"string","kind":"ObjectId","value":"664ce1eed638151f6ba0fd2","path":"sender","reason":{},"name":"CastError","message":"Cast to ObjectId failed for value \"664ce1eed638151f6ba0fd2\" (type string) at path \"sender\" because of \"BSONError\""}},"_message":"Conversation validation failed","expose":false,"statusCode":500,"status":500,"name":"ValidationError","message":"Conversation validation failed: sender: Cast to ObjectId failed for value \"664ce1eed638151f6ba0fd2\" (type string) at path \"sender\" because of \"BSONError\""} (Error Path: socket)
2024-05-21T20:54:59.856Z ["error"] {"errors":{"sender":{"stringValue":"\"664ce1eed638151f6ba0fd2\"","valueType":"string","kind":"ObjectId","value":"664ce1eed638151f6ba0fd2","path":"sender","reason":{},"name":"CastError","message":"Cast to ObjectId failed for value \"664ce1eed638151f6ba0fd2\" (type string) at path \"sender\" because of \"BSONError\""}},"_message":"Conversation validation failed","expose":false,"statusCode":500,"status":500,"name":"ValidationError","message":"Conversation validation failed: sender: Cast to ObjectId failed for value \"664ce1eed638151f6ba0fd2\" (type string) at path \"sender\" because of \"BSONError\""} (Error Path: socket)
2024-05-21T20:21:27.669Z ["error"] {"message":"Authorization failure!"} (Error Path: /chat)
2024-05-21T20:20:13.303Z ["error"] {"message":"Authorization failure!"} (Error Path: /chat)
2024-05-21T19:39:17.710Z ["error"] {"message":"Authorization failure!"} (Error Path: /conversation/664470421f5e43d98b18c31f)
